[main 8c46d38] Update backing 2026-03-25 18:40
 4 files changed, 27 insertions(+), 11 deletions(-)
To https://github.com/todayindefi/backing-monitor.git
   d1399e0..8c46d38  main -> main
Wed Mar 25 06:40:08 PM CST 2026: Pushed updated backing data
[main a1c080e] Update backing 2026-03-25 19:40
 4 files changed, 32 insertions(+), 16 deletions(-)
To https://github.com/todayindefi/backing-monitor.git
   8c46d38..a1c080e  main -> main
Wed Mar 25 07:40:02 PM CST 2026: Pushed updated backing data
[main f67611a] Update backing 2026-03-25 20:40
 4 files changed, 36 insertions(+), 20 deletions(-)
To https://github.com/todayindefi/backing-monitor.git
   a1c080e..f67611a  main -> main
Wed Mar 25 08:40:03 PM CST 2026: Pushed updated backing data
[main 5e51c43] Update backing 2026-03-25 21:40
 4 files changed, 33 insertions(+), 17 deletions(-)
To https://github.com/todayindefi/backing-monitor.git
   f67611a..5e51c43  main -> main
Wed Mar 25 09:40:03 PM CST 2026: Pushed updated backing data
[main 5fb8008] Update backing 2026-03-25 22:40
 4 files changed, 31 insertions(+), 15 deletions(-)
To https://github.com/todayindefi/backing-monitor.git
   5e51c43..5fb8008  main -> main
Wed Mar 25 10:40:02 PM CST 2026: Pushed updated backing data
[main 8443ae2] Update backing 2026-03-25 23:40
 4 files changed, 33 insertions(+), 17 deletions(-)
To https://github.com/todayindefi/backing-monitor.git
   5fb8008..8443ae2  main -> main
Wed Mar 25 11:40:03 PM CST 2026: Pushed updated backing data
[main a77099a] Update backing 2026-03-26 00:40
 4 files changed, 38 insertions(+), 22 deletions(-)
To https://github.com/todayindefi/backing-monitor.git
   8443ae2..a77099a  main -> main
Thu Mar 26 12:40:02 AM CST 2026: Pushed updated backing data
[main 5d40270] Update backing 2026-03-26 01:40
 4 files changed, 39 insertions(+), 23 deletions(-)
To https://github.com/todayindefi/backing-monitor.git
   a77099a..5d40270  main -> main
Thu Mar 26 01:40:02 AM CST 2026: Pushed updated backing data
[main 15a8a10] Update backing 2026-03-26 02:40
 4 files changed, 34 insertions(+), 18 deletions(-)
To https://github.com/todayindefi/backing-monitor.git
   5d40270..15a8a10  main -> main
Thu Mar 26 02:40:03 AM CST 2026: Pushed updated backing data
[main 9de23f1] Update backing 2026-03-26 03:40
 4 files changed, 36 insertions(+), 20 deletions(-)
To https://github.com/todayindefi/backing-monitor.git
   15a8a10..9de23f1  main -> main
Thu Mar 26 03:40:02 AM CST 2026: Pushed updated backing data
[main 9a7a339] Update backing 2026-03-26 04:40
 4 files changed, 35 insertions(+), 19 deletions(-)
To https://github.com/todayindefi/backing-monitor.git
   9de23f1..9a7a339  main -> main
Thu Mar 26 04:40:02 AM CST 2026: Pushed updated backing data
[main 6a6ab50] Update backing 2026-03-26 05:40
 4 files changed, 37 insertions(+), 21 deletions(-)
To https://github.com/todayindefi/backing-monitor.git
   9a7a339..6a6ab50  main -> main
Thu Mar 26 05:40:02 AM CST 2026: Pushed updated backing data
[main c8922f5] Update backing 2026-03-26 06:40
 4 files changed, 32 insertions(+), 16 deletions(-)
To https://github.com/todayindefi/backing-monitor.git
   6a6ab50..c8922f5  main -> main
Thu Mar 26 06:40:02 AM CST 2026: Pushed updated backing data
[main 218b46e] Update backing 2026-03-26 07:40
 4 files changed, 32 insertions(+), 16 deletions(-)
To https://github.com/todayindefi/backing-monitor.git
   c8922f5..218b46e  main -> main
Thu Mar 26 07:40:02 AM CST 2026: Pushed updated backing data
[main a522180] Update backing 2026-03-26 08:40
 4 files changed, 42 insertions(+), 26 deletions(-)
To https://github.com/todayindefi/backing-monitor.git
   218b46e..a522180  main -> main
Thu Mar 26 08:40:03 AM CST 2026: Pushed updated backing data
[main d77a7b5] Update backing 2026-03-26 09:40
 4 files changed, 34 insertions(+), 18 deletions(-)
To https://github.com/todayindefi/backing-monitor.git
   a522180..d77a7b5  main -> main
Thu Mar 26 09:40:02 AM CST 2026: Pushed updated backing data
[main 04782db] Update backing 2026-03-26 10:40
 4 files changed, 31 insertions(+), 15 deletions(-)
To https://github.com/todayindefi/backing-monitor.git
   d77a7b5..04782db  main -> main
Thu Mar 26 10:40:02 AM CST 2026: Pushed updated backing data
[main 5c0ef89] Update backing 2026-03-26 11:40
 4 files changed, 33 insertions(+), 17 deletions(-)
To https://github.com/todayindefi/backing-monitor.git
   04782db..5c0ef89  main -> main
Thu Mar 26 11:40:02 AM CST 2026: Pushed updated backing data
[main a0ac3a1] Update backing 2026-03-26 12:40
 4 files changed, 32 insertions(+), 16 deletions(-)
To https://github.com/todayindefi/backing-monitor.git
   5c0ef89..a0ac3a1  main -> main
Thu Mar 26 12:40:02 PM CST 2026: Pushed updated backing data
[main cd2e94a] Update backing 2026-03-26 13:40
 4 files changed, 34 insertions(+), 18 deletions(-)
To https://github.com/todayindefi/backing-monitor.git
   a0ac3a1..cd2e94a  main -> main
Thu Mar 26 01:40:03 PM CST 2026: Pushed updated backing data
[main 806e4fb] Update backing 2026-03-26 14:40
 4 files changed, 35 insertions(+), 19 deletions(-)
To https://github.com/todayindefi/backing-monitor.git
   cd2e94a..806e4fb  main -> main
Thu Mar 26 02:40:02 PM CST 2026: Pushed updated backing data
[main 7b988b4] Update backing 2026-03-26 15:40
 4 files changed, 32 insertions(+), 16 deletions(-)
To https://github.com/todayindefi/backing-monitor.git
   806e4fb..7b988b4  main -> main
Thu Mar 26 03:40:02 PM CST 2026: Pushed updated backing data
[main a590c1c] Update backing 2026-03-26 16:40
 4 files changed, 40 insertions(+), 24 deletions(-)
To https://github.com/todayindefi/backing-monitor.git
   7b988b4..a590c1c  main -> main
Thu Mar 26 04:40:02 PM CST 2026: Pushed updated backing data
[main 736fb69] Update backing 2026-03-26 17:40
 4 files changed, 37 insertions(+), 21 deletions(-)
To https://github.com/todayindefi/backing-monitor.git
   a590c1c..736fb69  main -> main
Thu Mar 26 05:40:03 PM CST 2026: Pushed updated backing data
[main 2675ada] Update backing 2026-03-26 18:40
 4 files changed, 32 insertions(+), 16 deletions(-)
To https://github.com/todayindefi/backing-monitor.git
   736fb69..2675ada  main -> main
Thu Mar 26 06:40:03 PM CST 2026: Pushed updated backing data
[main d2dd14f] Update backing 2026-03-26 19:40
 4 files changed, 36 insertions(+), 20 deletions(-)
To https://github.com/todayindefi/backing-monitor.git
   2675ada..d2dd14f  main -> main
Thu Mar 26 07:40:03 PM CST 2026: Pushed updated backing data
[main 8b679ed] Update backing 2026-03-26 20:40
 4 files changed, 35 insertions(+), 19 deletions(-)
To https://github.com/todayindefi/backing-monitor.git
   d2dd14f..8b679ed  main -> main
Thu Mar 26 08:40:03 PM CST 2026: Pushed updated backing data
[main 277b82c] Update backing 2026-03-26 21:40
 4 files changed, 35 insertions(+), 19 deletions(-)
To https://github.com/todayindefi/backing-monitor.git
   8b679ed..277b82c  main -> main
Thu Mar 26 09:40:02 PM CST 2026: Pushed updated backing data
[main a0c3fb7] Update backing 2026-03-26 22:40
 4 files changed, 32 insertions(+), 16 deletions(-)
To https://github.com/todayindefi/backing-monitor.git
   277b82c..a0c3fb7  main -> main
Thu Mar 26 10:40:03 PM CST 2026: Pushed updated backing data
[main 1678a63] Update backing 2026-03-26 23:40
 4 files changed, 37 insertions(+), 21 deletions(-)
To https://github.com/todayindefi/backing-monitor.git
   a0c3fb7..1678a63  main -> main
Thu Mar 26 11:40:02 PM CST 2026: Pushed updated backing data
[main 1d1746b] Update backing 2026-03-27 00:40
 4 files changed, 42 insertions(+), 26 deletions(-)
To https://github.com/todayindefi/backing-monitor.git
   1678a63..1d1746b  main -> main
Fri Mar 27 12:40:02 AM CST 2026: Pushed updated backing data
[main a51b722] Update backing 2026-03-27 01:40
 4 files changed, 24 insertions(+), 8 deletions(-)
To https://github.com/todayindefi/backing-monitor.git
   1d1746b..a51b722  main -> main
Fri Mar 27 01:40:03 AM CST 2026: Pushed updated backing data
[main b088606] Update backing 2026-03-27 02:40
 4 files changed, 41 insertions(+), 25 deletions(-)
To https://github.com/todayindefi/backing-monitor.git
   a51b722..b088606  main -> main
Fri Mar 27 02:40:02 AM CST 2026: Pushed updated backing data
[main 959f1fd] Update backing 2026-03-27 03:40
 4 files changed, 30 insertions(+), 14 deletions(-)
To https://github.com/todayindefi/backing-monitor.git
   b088606..959f1fd  main -> main
Fri Mar 27 03:40:02 AM CST 2026: Pushed updated backing data
[main 1a6d782] Update backing 2026-03-27 04:40
 4 files changed, 38 insertions(+), 22 deletions(-)
To https://github.com/todayindefi/backing-monitor.git
   959f1fd..1a6d782  main -> main
Fri Mar 27 04:40:03 AM CST 2026: Pushed updated backing data
[main ac0059a] Update backing 2026-03-27 05:40
 4 files changed, 34 insertions(+), 18 deletions(-)
To https://github.com/todayindefi/backing-monitor.git
   1a6d782..ac0059a  main -> main
Fri Mar 27 05:40:02 AM CST 2026: Pushed updated backing data
[main 61e0826] Update backing 2026-03-27 06:40
 4 files changed, 35 insertions(+), 19 deletions(-)
To https://github.com/todayindefi/backing-monitor.git
   ac0059a..61e0826  main -> main
Fri Mar 27 06:40:02 AM CST 2026: Pushed updated backing data
[main fbbb4f6] Update backing 2026-03-27 07:40
 4 files changed, 33 insertions(+), 17 deletions(-)
To https://github.com/todayindefi/backing-monitor.git
   61e0826..fbbb4f6  main -> main
Fri Mar 27 07:40:02 AM CST 2026: Pushed updated backing data
[main bdafc3e] Update backing 2026-03-27 08:40
 4 files changed, 43 insertions(+), 27 deletions(-)
To https://github.com/todayindefi/backing-monitor.git
   fbbb4f6..bdafc3e  main -> main
Fri Mar 27 08:40:02 AM CST 2026: Pushed updated backing data
[main 0adbf81] Update backing 2026-03-27 09:40
 4 files changed, 37 insertions(+), 21 deletions(-)
To https://github.com/todayindefi/backing-monitor.git
   bdafc3e..0adbf81  main -> main
Fri Mar 27 09:40:02 AM CST 2026: Pushed updated backing data
[main 89506c8] Update backing 2026-03-27 10:40
 4 files changed, 30 insertions(+), 14 deletions(-)
To https://github.com/todayindefi/backing-monitor.git
   0adbf81..89506c8  main -> main
Fri Mar 27 10:40:03 AM CST 2026: Pushed updated backing data
[main eb52721] Update backing 2026-03-27 11:40
 4 files changed, 31 insertions(+), 15 deletions(-)
To https://github.com/todayindefi/backing-monitor.git
   89506c8..eb52721  main -> main
Fri Mar 27 11:40:02 AM CST 2026: Pushed updated backing data
[main f7fb7a9] Update backing 2026-03-27 12:40
 7 files changed, 401 insertions(+), 19 deletions(-)
 create mode 100644 data/crvusd_backing.json
 create mode 100644 data/crvusd_backing_history.json
To https://github.com/todayindefi/backing-monitor.git
   eb52721..f7fb7a9  main -> main
Fri Mar 27 12:40:03 PM CST 2026: Pushed updated backing data
[main 195fb36] Update backing 2026-03-27 13:40
 6 files changed, 113 insertions(+), 88 deletions(-)
To https://github.com/todayindefi/backing-monitor.git
   f7fb7a9..195fb36  main -> main
Fri Mar 27 01:40:03 PM CST 2026: Pushed updated backing data
[main e2951a5] Update backing 2026-03-27 14:40
 6 files changed, 112 insertions(+), 87 deletions(-)
To https://github.com/todayindefi/backing-monitor.git
   195fb36..e2951a5  main -> main
Fri Mar 27 02:40:02 PM CST 2026: Pushed updated backing data
